<?xml version="1.0" encoding="UTF-8"?>
<testsuites>
  <testsuite name="php-lodash Test Suite" tests="14" assertions="33" errors="0" failures="0" skipped="0" time="4.704078">
    <testsuite name="Tests\Crcind\ParallelTest" file="/Users/meabed/Workspace/asynchronous-soap/tests/Crcind/ParallelTest.php" tests="5" assertions="16" errors="0" failures="0" skipped="0" time="1.831431">
      <testcase name="testAddInteger" class="Tests\Crcind\ParallelTest" classname="Tests.Crcind.ParallelTest" file="/Users/meabed/Workspace/asynchronous-soap/tests/Crcind/ParallelTest.php" line="21" assertions="3" time="0.439546"/>
      <testcase name="testAddIntegerDuplicate" class="Tests\Crcind\ParallelTest" classname="Tests.Crcind.ParallelTest" file="/Users/meabed/Workspace/asynchronous-soap/tests/Crcind/ParallelTest.php" line="35" assertions="3" time="0.399593"/>
      <testcase name="testInvalidMethod" class="Tests\Crcind\ParallelTest" classname="Tests.Crcind.ParallelTest" file="/Users/meabed/Workspace/asynchronous-soap/tests/Crcind/ParallelTest.php" line="49" assertions="1" time="0.000338"/>
      <testcase name="testSwitchMultiClient" class="Tests\Crcind\ParallelTest" classname="Tests.Crcind.ParallelTest" file="/Users/meabed/Workspace/asynchronous-soap/tests/Crcind/ParallelTest.php" line="58" assertions="4" time="0.558284"/>
      <testcase name="testGotNoXml" class="Tests\Crcind\ParallelTest" classname="Tests.Crcind.ParallelTest" file="/Users/meabed/Workspace/asynchronous-soap/tests/Crcind/ParallelTest.php" line="77" assertions="5" time="0.433670"/>
    </testsuite>
    <testsuite name="Tests\Crcind\SingleTest" file="/Users/meabed/Workspace/asynchronous-soap/tests/Crcind/SingleTest.php" tests="5" assertions="9" errors="0" failures="0" skipped="0" time="1.484871">
      <testcase name="testAddInteger" class="Tests\Crcind\SingleTest" classname="Tests.Crcind.SingleTest" file="/Users/meabed/Workspace/asynchronous-soap/tests/Crcind/SingleTest.php" line="15" assertions="1" time="0.404237"/>
      <testcase name="testInvalidMethod" class="Tests\Crcind\SingleTest" classname="Tests.Crcind.SingleTest" file="/Users/meabed/Workspace/asynchronous-soap/tests/Crcind/SingleTest.php" line="25" assertions="2" time="0.000097"/>
      <testcase name="testDivideInteger" class="Tests\Crcind\SingleTest" classname="Tests.Crcind.SingleTest" file="/Users/meabed/Workspace/asynchronous-soap/tests/Crcind/SingleTest.php" line="36" assertions="1" time="0.286208"/>
      <testcase name="testDivideIntegerException" class="Tests\Crcind\SingleTest" classname="Tests.Crcind.SingleTest" file="/Users/meabed/Workspace/asynchronous-soap/tests/Crcind/SingleTest.php" line="45" assertions="2" time="0.398688"/>
      <testcase name="testGotNoXml" class="Tests\Crcind\SingleTest" classname="Tests.Crcind.SingleTest" file="/Users/meabed/Workspace/asynchronous-soap/tests/Crcind/SingleTest.php" line="58" assertions="3" time="0.395641"/>
    </testsuite>
    <testsuite name="Tests\Dne\ParallelTest" file="/Users/meabed/Workspace/asynchronous-soap/tests/Dne/ParallelTest.php" tests="1" assertions="3" errors="0" failures="0" skipped="0" time="0.877237">
      <testcase name="testAddInteger" class="Tests\Dne\ParallelTest" classname="Tests.Dne.ParallelTest" file="/Users/meabed/Workspace/asynchronous-soap/tests/Dne/ParallelTest.php" line="15" assertions="3" time="0.877237"/>
    </testsuite>
    <testsuite name="Tests\Dne\SingleTest" file="/Users/meabed/Workspace/asynchronous-soap/tests/Dne/SingleTest.php" tests="3" assertions="5" errors="0" failures="0" skipped="0" time="0.510539">
      <testcase name="testAddInteger" class="Tests\Dne\SingleTest" classname="Tests.Dne.SingleTest" file="/Users/meabed/Workspace/asynchronous-soap/tests/Dne/SingleTest.php" line="16" assertions="1" time="0.510198"/>
      <testcase name="testInvalidMethod" class="Tests\Dne\SingleTest" classname="Tests.Dne.SingleTest" file="/Users/meabed/Workspace/asynchronous-soap/tests/Dne/SingleTest.php" line="25" assertions="2" time="0.000138"/>
      <testcase name="testInvalidParam" class="Tests\Dne\SingleTest" classname="Tests.Dne.SingleTest" file="/Users/meabed/Workspace/asynchronous-soap/tests/Dne/SingleTest.php" line="36" assertions="2" time="0.000203"/>
    </testsuite>
  </testsuite>
</testsuites>
